[layerdrops.com/agriox/index-2.html]
[backblue.gif]
[fade.gif]
[index.html]
[layerdrops.com/agriox/assets/images/favicons/apple-touch-icon.png]
[layerdrops.com/agriox/assets/images/favicons/favicon-32x32.png]
[layerdrops.com/agriox/assets/images/favicons/favicon-16x16.png]
[layerdrops.com/agriox/assets/images/favicons/site.webmanifest]
[layerdrops.com/agriox/assets/vendors/bootstrap/css/bootstrap.min.css]
[layerdrops.com/agriox/assets/vendors/animate/animate.min.css]
[layerdrops.com/agriox/assets/vendors/animate/custom-animate.css]
[layerdrops.com/agriox/assets/vendors/fontawesome/css/all.min.css]
[layerdrops.com/agriox/assets/vendors/jarallax/jarallax.css]
[layerdrops.com/agriox/assets/vendors/jquery-magnific-popup/jquery.magnific-popup.css]
[layerdrops.com/agriox/assets/vendors/nouislider/nouislider.min.css]
[layerdrops.com/agriox/assets/vendors/nouislider/nouislider.pips.css]
[layerdrops.com/agriox/assets/vendors/odometer/odometer.min.css]
[layerdrops.com/agriox/assets/vendors/swiper/swiper.min.css]
[layerdrops.com/agriox/assets/vendors/icomoon-icons/style.css]
[layerdrops.com/agriox/assets/vendors/tiny-slider/tiny-slider.min.css]
[layerdrops.com/agriox/assets/vendors/reey-font/stylesheet.css]
[layerdrops.com/agriox/assets/vendors/owl-carousel/owl.carousel.min.css]
[layerdrops.com/agriox/assets/vendors/owl-carousel/owl.theme.default.min.css]
[layerdrops.com/agriox/assets/vendors/twentytwenty/twentytwenty.css]
[layerdrops.com/agriox/assets/css/agriox.css]
[layerdrops.com/agriox/assets/css/agriox-rtl.css]
[layerdrops.com/agriox/assets/css/modes/agriox-light.css]
[layerdrops.com/agriox/assets/vendors/toolbar/css/toolbar.css]
[layerdrops.com/agriox/assets/images/loader.png]
[layerdrops.com/agriox/index-main.html]
[layerdrops.com/agriox/assets/images/resources/logo-2.png]
[layerdrops.com/agriox/assets/images/resources/logo-1.png]
[layerdrops.com/agriox/assets/images/update-20-12-2021/home-sections/home-1.jpg]
[layerdrops.com/agriox/assets/images/update-20-12-2021/home-sections/home-2.jpg]
[layerdrops.com/agriox/index-3.html]
[layerdrops.com/agriox/assets/images/update-20-12-2021/home-sections/home-3.jpg]
[layerdrops.com/agriox/index-dark.html]
[layerdrops.com/agriox/assets/images/update-20-12-2021/home-sections/home-4.jpg]
[layerdrops.com/agriox/about.html]
[layerdrops.com/agriox/services.html]
[layerdrops.com/agriox/agriculture-products.html]
[layerdrops.com/agriox/fresh-vegetable.html]
[layerdrops.com/agriox/organic-products.html]
[layerdrops.com/agriox/dairy-products.html]
[layerdrops.com/agriox/farmers.html]
[layerdrops.com/agriox/team-details.html]
[layerdrops.com/agriox/projects.html]
[layerdrops.com/agriox/projects-details.html]
[layerdrops.com/agriox/testimonials.html]
[layerdrops.com/agriox/faq.html]
[layerdrops.com/agriox/error.html]
[layerdrops.com/agriox/shop.html]
[layerdrops.com/agriox/product-details.html]
[layerdrops.com/agriox/cart.html]
[layerdrops.com/agriox/checkout.html]
[layerdrops.com/agriox/news.html]
[layerdrops.com/agriox/news-2-col.html]
[layerdrops.com/agriox/news-4-col.html]
[layerdrops.com/agriox/news-sidebar.html]
[layerdrops.com/agriox/news-sidebar-left.html]
[layerdrops.com/agriox/news-details.html]
[layerdrops.com/agriox/contact.html]
[layerdrops.com/agriox/assets/images/backgrounds/main-slider-v2-1.jpg]
[layerdrops.com/agriox/assets/images/backgrounds/main-slider-v2-2.jpg]
[layerdrops.com/agriox/assets/images/backgrounds/main-slider-v2-3.jpg]
[layerdrops.com/agriox/assets/images/resources/features-v2-call-box-img.jpg]
[layerdrops.com/agriox/assets/images/backgrounds/about-v2-bg.png]
[layerdrops.com/agriox/assets/images/about/about-v2-img1.jpg]
[layerdrops.com/agriox/assets/images/resources/about-v2-logo.png]
[layerdrops.com/agriox/assets/images/about/about-v2-img2.jpg]
[layerdrops.com/agriox/assets/images/resources/sec-title-icon1.png]
[layerdrops.com/agriox/assets/images/services/services-v1-img1.jpg]
[layerdrops.com/agriox/services-details.html]
[layerdrops.com/agriox/assets/images/services/services-v1-img2.jpg]
[layerdrops.com/agriox/assets/images/services/services-v1-img3.jpg]
[layerdrops.com/agriox/assets/images/services/services-v1-img4.jpg]
[layerdrops.com/agriox/assets/images/resources/cta-two-1-1.png]
[layerdrops.com/agriox/assets/images/resources/features-3-1-1.jpg]
[layerdrops.com/agriox/assets/images/resources/sec-title-icon2.png]
[layerdrops.com/agriox/assets/images/resources/faq-1-1.png]
[layerdrops.com/agriox/assets/images/project/projects-v2-img1.jpg]
[layerdrops.com/agriox/assets/images/project/projects-v2-img2.jpg]
[layerdrops.com/agriox/assets/images/project/projects-v2-img3.jpg]
[layerdrops.com/agriox/assets/images/resources/story-v1-img.jpg]
[layerdrops.com/agriox/assets/images/backgrounds/story-v1-bg.png]
[layerdrops.com/agriox/assets/images/resources/meet-farmers-v1-img1.jpg]
[layerdrops.com/agriox/assets/images/resources/meet-farmers-v1-img2.jpg]
[layerdrops.com/agriox/assets/images/resources/meet-farmers-v1-img3.jpg]
[layerdrops.com/agriox/assets/images/resources/meet-farmers-v1-img4.jpg]
[layerdrops.com/agriox/assets/images/backgrounds/video-one-bg.jpg]
[layerdrops.com/agriox/assets/images/blog/blog-v1-img1.jpg]
[layerdrops.com/agriox/assets/images/blog/blog-v1-img2.jpg]
[layerdrops.com/agriox/assets/images/blog/blog-v1-img3.jpg]
[layerdrops.com/agriox/assets/images/resources/Company-Logos-v1-logo1.png]
[layerdrops.com/agriox/assets/images/backgrounds/footer-one-bg.png]
[layerdrops.com/agriox/assets/images/resources/footer-logo.png]
[layerdrops.com/agriox/assets/images/resources/footer-widget-news-img1.png]
[layerdrops.com/agriox/assets/images/resources/footer-widget-news-img2.png]
[layerdrops.com/agriox/assets/images/resources/mobilemenu_logo.png]
[layerdrops.com/agriox/assets/vendors/jquery/jquery-3.5.1.min.js]
[layerdrops.com/agriox/assets/vendors/bootstrap/js/bootstrap.bundle.min.js]
[layerdrops.com/agriox/assets/vendors/jarallax/jarallax.min.js]
[layerdrops.com/agriox/assets/vendors/jquery-ajaxchimp/jquery.ajaxchimp.min.js]
[layerdrops.com/agriox/assets/vendors/jquery-appear/jquery.appear.min.js]
[layerdrops.com/agriox/assets/vendors/jquery-circle-progress/jquery.circle-progress.min.js]
[layerdrops.com/agriox/assets/vendors/jquery-magnific-popup/jquery.magnific-popup.min.js]
[layerdrops.com/agriox/assets/vendors/jquery-validate/jquery.validate.min.js]
[layerdrops.com/agriox/assets/vendors/nouislider/nouislider.min.js]
[layerdrops.com/agriox/assets/vendors/odometer/odometer.min.js]
[layerdrops.com/agriox/assets/vendors/swiper/swiper.min.js]
[layerdrops.com/agriox/assets/vendors/tiny-slider/tiny-slider.min.js]
[layerdrops.com/agriox/assets/vendors/wnumb/wNumb.min.js]
[layerdrops.com/agriox/assets/vendors/wow/wow.js]
[layerdrops.com/agriox/assets/vendors/isotope/isotope.js]
[layerdrops.com/agriox/assets/vendors/countdown/countdown.min.js]
[layerdrops.com/agriox/assets/vendors/owl-carousel/owl.carousel.min.js]
[layerdrops.com/agriox/assets/vendors/twentytwenty/twentytwenty.js]
[layerdrops.com/agriox/assets/vendors/twentytwenty/jquery.event.move.js]
[layerdrops.com/agriox/assets/vendors/parallax/parallax.min.js]
[layerdrops.com/agriox/assets/vendors/tilt.js/tilt.jquery.js]
[layerdrops.com/agriox/assets/js/agriox.js]
[layerdrops.com/agriox/assets/vendors/toolbar/js/js.cookie.min.js]
[layerdrops.com/agriox/assets/vendors/toolbar/js/jQuery.style.switcher.min.js]
[layerdrops.com/agriox/assets/vendors/toolbar/js/toolbar.lang.js]
[translate.google.com/translate_a/elementa0d8.js]
[layerdrops.com/agriox/index-2.html]
[layerdrops.com/agriox/assets/vendors/bootstrap/css/bootstrap.min.css]
[layerdrops.com/agriox/assets/vendors/animate/animate.min.css]
[layerdrops.com/agriox/assets/vendors/animate/custom-animate.css]
[layerdrops.com/agriox/assets/vendors/toolbar/js/toolbar.js]
[layerdrops.com/agriox/assets/vendors/fontawesome/webfonts/fa-brands-400.eot]
[layerdrops.com/agriox/assets/vendors/fontawesome/webfonts/fa-brands-400d41d.eot]
[layerdrops.com/agriox/assets/vendors/fontawesome/webfonts/fa-brands-400.woff2]
[layerdrops.com/agriox/assets/vendors/fontawesome/webfonts/fa-brands-400.woff]
[layerdrops.com/agriox/assets/vendors/fontawesome/webfonts/fa-brands-400.ttf]
[layerdrops.com/agriox/assets/vendors/fontawesome/webfonts/fa-regular-400.eot]
[layerdrops.com/agriox/assets/vendors/fontawesome/webfonts/fa-regular-400d41d.eot]
[layerdrops.com/agriox/assets/vendors/fontawesome/webfonts/fa-brands-400.svg]
[layerdrops.com/agriox/assets/vendors/fontawesome/webfonts/fa-regular-400.woff2]
[layerdrops.com/agriox/assets/vendors/fontawesome/webfonts/fa-regular-400.woff]
[layerdrops.com/agriox/assets/vendors/fontawesome/webfonts/fa-regular-400.ttf]
[layerdrops.com/agriox/assets/vendors/fontawesome/webfonts/fa-solid-900.eot]
[layerdrops.com/agriox/assets/vendors/fontawesome/webfonts/fa-regular-400.svg]
[layerdrops.com/agriox/assets/vendors/fontawesome/webfonts/fa-solid-900d41d.eot]
[layerdrops.com/agriox/assets/vendors/fontawesome/webfonts/fa-solid-900.woff2]
[layerdrops.com/agriox/assets/vendors/fontawesome/webfonts/fa-solid-900.woff]
[layerdrops.com/agriox/assets/vendors/fontawesome/css/all.min.css]
[layerdrops.com/agriox/assets/vendors/jarallax/jarallax.css]
[layerdrops.com/agriox/assets/vendors/jquery-magnific-popup/jquery.magnific-popup.css]
[layerdrops.com/agriox/assets/vendors/nouislider/nouislider.min.css]
[layerdrops.com/agriox/assets/vendors/nouislider/nouislider.pips.css]
[layerdrops.com/agriox/assets/vendors/odometer/odometer.min.css]
[layerdrops.com/agriox/assets/vendors/swiper/swiper.min.css]
[layerdrops.com/agriox/assets/vendors/fontawesome/webfonts/fa-solid-900.ttf]
[layerdrops.com/agriox/assets/vendors/icomoon-icons/fonts/icomoone8fc.eot]
[layerdrops.com/agriox/assets/vendors/icomoon-icons/fonts/icomoone8fc.ttf]
[layerdrops.com/agriox/assets/vendors/fontawesome/webfonts/fa-solid-900.svg]
[layerdrops.com/agriox/assets/vendors/icomoon-icons/fonts/icomoone8fc.woff]
[layerdrops.com/agriox/assets/vendors/icomoon-icons/style.css]
[layerdrops.com/agriox/assets/vendors/tiny-slider/tiny-slider.min.css]
[layerdrops.com/agriox/assets/vendors/icomoon-icons/fonts/icomoone8fc.svg]
[layerdrops.com/agriox/assets/vendors/reey-font/reey-regular-webfont.woff2]
[layerdrops.com/agriox/assets/vendors/reey-font/reey-regular-webfont.woff]
[layerdrops.com/agriox/assets/vendors/reey-font/stylesheet.css]
[layerdrops.com/agriox/assets/vendors/owl-carousel/owl.video.play.png]
[layerdrops.com/agriox/assets/vendors/owl-carousel/owl.carousel.min.css]
[layerdrops.com/agriox/assets/vendors/owl-carousel/owl.theme.default.min.css]
[layerdrops.com/agriox/assets/vendors/twentytwenty/twentytwenty.css]
[layerdrops.com/agriox/assets/images/icon/video-leaf-1-1.png]
[layerdrops.com/agriox/assets/images/backgrounds/service-bottom-bg-1-1.png]
[layerdrops.com/agriox/assets/images/backgrounds/service-top-bg-1-1.png]
[layerdrops.com/agriox/assets/images/icon/quality-line-1-1.png]
[layerdrops.com/agriox/assets/images/icon/blog-bg-top-1-1.png]
[layerdrops.com/agriox/assets/images/icon/feature-two-bg-1-1.png]
[layerdrops.com/agriox/assets/images/icon/feature-three-shape-1-1.png]
[layerdrops.com/agriox/assets/images/backgrounds/faq-one-bg.png]
[layerdrops.com/agriox/assets/images/backgrounds/about-3-bg-1-1.png]
[layerdrops.com/agriox/assets/images/icon/about-3-arrow-1-1.png]
[layerdrops.com/agriox/assets/css/agriox.css]
[layerdrops.com/agriox/assets/css/agriox-rtl.css]
[layerdrops.com/agriox/assets/css/modes/agriox-light.css]
[layerdrops.com/agriox/assets/vendors/toolbar/css/toolbar.css]
[layerdrops.com/agriox/assets/images/backgrounds/main-slider-v1-1.jpg]
[layerdrops.com/agriox/assets/images/resources/leaf.png]
[layerdrops.com/agriox/assets/images/icon/main-slider__button-arrow.png]
[layerdrops.com/agriox/assets/images/backgrounds/main-slider-v1-2.jpg]
[layerdrops.com/agriox/assets/images/backgrounds/main-slider-v1-3.jpg]
[layerdrops.com/agriox/assets/images/backgrounds/about-v1-bg.png]
[layerdrops.com/agriox/assets/images/about/about-v1-img1.jpg]
[layerdrops.com/agriox/assets/images/resources/about-v1-video-img.jpg]
[layerdrops.com/agriox/assets/images/feauters/features-v1-img1.jpg]
[layerdrops.com/agriox/assets/images/feauters/features-v1-img2.jpg]
[layerdrops.com/agriox/assets/images/backgrounds/features-one-single-bg.png]
[layerdrops.com/agriox/assets/images/feauters/features-v1-img3.jpg]
[layerdrops.com/agriox/assets/images/project/projects-v1-img1.jpg]
[layerdrops.com/agriox/assets/images/project/projects-v1-img2.jpg]
[layerdrops.com/agriox/assets/images/project/projects-v1-img3.jpg]
[layerdrops.com/agriox/assets/images/project/projects-v1-img4.jpg]
[layerdrops.com/agriox/assets/images/backgrounds/Testimonials-v1-bg.jpg]
[layerdrops.com/agriox/assets/images/testimonial/testimonials-v1-img1.jpg]
[layerdrops.com/agriox/assets/images/testimonial/testimonials-v1-img2.jpg]
[layerdrops.com/agriox/assets/images/backgrounds/providing-quality-one-bg.png]
[layerdrops.com/agriox/assets/images/resources/providing-quality-v1-img.jpg]
[layerdrops.com/agriox/assets/images/resources/providing-quality.png]
[layerdrops.com/agriox/assets/images/resources/contact-1-1.png]
[layerdrops.com/agriox/assets/images/resources/contact-1-2.png]
[layerdrops.com/agriox/assets/images/backgrounds/cta-v1-bg.jpg]
[layerdrops.com/agriox/index-main.html]
[layerdrops.com/agriox/assets/images/update-14-09-2021/slider/main-slider-3-1.jpg]
[layerdrops.com/agriox/assets/images/update-14-09-2021/slider/main-slider-3-2.jpg]
[layerdrops.com/agriox/assets/images/update-14-09-2021/slider/main-slider-3-3.jpg]
[layerdrops.com/agriox/assets/images/update-14-09-2021/icon/about-icon-1-1.png]
[layerdrops.com/agriox/assets/images/update-14-09-2021/resources/about-1-1.png]
[layerdrops.com/agriox/assets/images/update-14-09-2021/icon/about-icon-1-2.png]
[layerdrops.com/agriox/assets/images/update-14-09-2021/resources/offer-1-1.png]
[layerdrops.com/agriox/assets/images/update-14-09-2021/resources/offer-1-2.png]
[layerdrops.com/agriox/assets/images/update-14-09-2021/resources/offer-1-3.png]
[layerdrops.com/agriox/assets/images/update-14-09-2021/background/video-2-bg-1-1.jpg]
[layerdrops.com/agriox/assets/images/update-14-09-2021/shop/shop-1-1.png]
[layerdrops.com/agriox/assets/images/update-14-09-2021/shop/shop-1-2.png]
[layerdrops.com/agriox/assets/images/update-14-09-2021/shop/shop-1-3.png]
[layerdrops.com/agriox/assets/images/update-14-09-2021/shop/shop-1-4.png]
[layerdrops.com/agriox/assets/images/update-14-09-2021/shop/shop-1-5.png]
[layerdrops.com/agriox/assets/images/update-14-09-2021/shop/shop-1-6.png]
[layerdrops.com/agriox/assets/images/update-14-09-2021/shop/shop-1-7.png]
[layerdrops.com/agriox/assets/images/update-14-09-2021/shop/shop-1-8.png]
[layerdrops.com/agriox/assets/images/update-14-09-2021/background/cta-boxed-bg.jpg]
[layerdrops.com/agriox/assets/images/resources/call-three-1-1.png]
[layerdrops.com/agriox/assets/images/gallery/gallery-1-1.jpg]
[layerdrops.com/agriox/assets/images/gallery/gallery-1-2.jpg]
[layerdrops.com/agriox/assets/images/gallery/gallery-1-3.jpg]
[layerdrops.com/agriox/assets/images/gallery/gallery-1-4.jpg]
[layerdrops.com/agriox/assets/images/gallery/gallery-1-5.jpg]
[layerdrops.com/agriox/assets/images/blog/blog-s-1-1.jpg]
[layerdrops.com/agriox/assets/images/blog/blog-s-1-2.jpg]
[layerdrops.com/agriox/assets/images/blog/blog-s-1-3.jpg]
[layerdrops.com/agriox/index-3.html]
[layerdrops.com/agriox/assets/css/modes/agriox-dark.css]
[layerdrops.com/agriox/assets/images/update-20-12-2021/dark/brand-light.png]
[layerdrops.com/agriox/index-dark.html]
[layerdrops.com/agriox/assets/images/backgrounds/page-header-bg.jpg]
[layerdrops.com/agriox/assets/images/resources/about-3-icon-1-1.png]
[layerdrops.com/agriox/assets/images/about/about-v3-img1.jpg]
[layerdrops.com/agriox/about.html]
[layerdrops.com/agriox/services.html]
[layerdrops.com/agriox/assets/images/resources/services-details-contact-box-bg.jpg]
[layerdrops.com/agriox/assets/images/resources/services-details-content-agriculture.jpg]
[layerdrops.com/agriox/assets/images/resources/services-details-content-agriculture-2.jpg]
[layerdrops.com/agriox/agriculture-products.html]
[layerdrops.com/agriox/assets/images/resources/services-details-content-img1.jpg]
[layerdrops.com/agriox/assets/images/resources/services-details-content-img2.jpg]
[layerdrops.com/agriox/fresh-vegetable.html]
[layerdrops.com/agriox/assets/images/resources/services-details-content-organic.jpg]
[layerdrops.com/agriox/assets/images/resources/services-details-content-organic-2.jpg]
[layerdrops.com/agriox/organic-products.html]
[layerdrops.com/agriox/assets/images/resources/services-details-content-img-dairy.jpg]
[layerdrops.com/agriox/assets/images/resources/services-details-content-dairy.jpg]
[layerdrops.com/agriox/dairy-products.html]
[layerdrops.com/agriox/assets/images/resources/meet-farmers-v2-img1.jpg]
[layerdrops.com/agriox/assets/images/resources/meet-farmers-v2-img2.jpg]
[layerdrops.com/agriox/assets/images/resources/meet-farmers-v2-img3.jpg]
[layerdrops.com/agriox/assets/images/resources/meet-farmers-v2-img4.jpg]
[layerdrops.com/agriox/assets/images/resources/meet-farmers-v2-img5.jpg]
[layerdrops.com/agriox/assets/images/resources/meet-farmers-v2-img6.jpg]
[layerdrops.com/agriox/farmers.html]
[layerdrops.com/agriox/assets/images/update-20-12-2021/resources/team-d-1-1.png]
[layerdrops.com/agriox/assets/images/update-20-12-2021/resources/team-d-logo.png]
[layerdrops.com/agriox/assets/images/update-20-12-2021/resources/brand-d-1-1.png]
[layerdrops.com/agriox/team-details.html]
[layerdrops.com/agriox/assets/images/project/projects-v2-img4.jpg]
[layerdrops.com/agriox/assets/images/project/projects-v2-img5.jpg]
[layerdrops.com/agriox/assets/images/project/projects-v2-img6.jpg]
[layerdrops.com/agriox/projects.html]
[layerdrops.com/agriox/assets/images/project/projects-details.jpg]
[layerdrops.com/agriox/projects-details.html]
[layerdrops.com/agriox/assets/images/update-20-12-2021/resources/testi-1-4.png]
[layerdrops.com/agriox/assets/images/update-20-12-2021/resources/testi-1-1.png]
[layerdrops.com/agriox/assets/images/update-20-12-2021/resources/testi-1-2.png]
[layerdrops.com/agriox/assets/images/update-20-12-2021/resources/testi-1-3.png]
[layerdrops.com/agriox/testimonials.html]
[layerdrops.com/agriox/faq.html]
[layerdrops.com/agriox/error.html]
[layerdrops.com/agriox/assets/vendors/jquery-ui/jquery-ui.css]
[layerdrops.com/agriox/shop.html]
[layerdrops.com/agriox/assets/images/update-14-09-2021/shop/shop-d-1-1.png]
[layerdrops.com/agriox/assets/vendors/jquery-ui/jquery-ui.js]
[layerdrops.com/agriox/assets/images/update-14-09-2021/shop/shop-review-1-1.png]
[layerdrops.com/agriox/assets/images/update-14-09-2021/shop/shop-review-1-2.png]
[layerdrops.com/agriox/product-details.html]
[layerdrops.com/agriox/assets/images/update-14-09-2021/shop/cart-1-1.png]
[layerdrops.com/agriox/assets/images/update-14-09-2021/shop/cart-1-2.png]
[layerdrops.com/agriox/cart.html]
[layerdrops.com/agriox/login.html]
[layerdrops.com/agriox/assets/images/update-14-09-2021/shop/paypal-1-1.png]
[layerdrops.com/agriox/checkout.html]
[layerdrops.com/agriox/assets/images/blog/blog-v1-img4.jpg]
[layerdrops.com/agriox/assets/images/blog/blog-v1-img5.jpg]
[layerdrops.com/agriox/assets/images/blog/blog-v1-img6.jpg]
[layerdrops.com/agriox/news.html]
[layerdrops.com/agriox/assets/images/update-20-12-2021/blog/blog-2-col-1-1.png]
[layerdrops.com/agriox/assets/images/update-20-12-2021/blog/blog-2-col-1-2.png]
[layerdrops.com/agriox/assets/images/update-20-12-2021/blog/blog-2-col-1-3.png]
[layerdrops.com/agriox/assets/images/update-20-12-2021/blog/blog-2-col-1-4.png]
[layerdrops.com/agriox/assets/images/update-20-12-2021/blog/blog-2-col-1-5.png]
[layerdrops.com/agriox/assets/images/update-20-12-2021/blog/blog-2-col-1-6.png]
[layerdrops.com/agriox/news-2-col.html]
[layerdrops.com/agriox/assets/images/update-20-12-2021/blog/blog-4-col-1-1.png]
[layerdrops.com/agriox/assets/images/update-20-12-2021/blog/blog-4-col-1-2.png]
[layerdrops.com/agriox/assets/images/update-20-12-2021/blog/blog-4-col-1-3.png]
[layerdrops.com/agriox/assets/images/update-20-12-2021/blog/blog-4-col-1-4.png]
[layerdrops.com/agriox/assets/images/update-20-12-2021/blog/blog-4-col-1-5.png]
[layerdrops.com/agriox/assets/images/update-20-12-2021/blog/blog-4-col-1-6.png]
[layerdrops.com/agriox/assets/images/update-20-12-2021/blog/blog-4-col-1-7.png]
[layerdrops.com/agriox/assets/images/update-20-12-2021/blog/blog-4-col-1-8.png]
[layerdrops.com/agriox/news-4-col.html]
[layerdrops.com/agriox/news-v2.html]
[layerdrops.com/agriox/assets/images/blog/blog-v2-img1.jpg]
[layerdrops.com/agriox/assets/images/blog/blog-v2-img2.jpg]
[layerdrops.com/agriox/assets/images/blog/blog-v2-img3.jpg]
[layerdrops.com/agriox/assets/images/icon/icon-quotation-mark.png]
[layerdrops.com/agriox/assets/images/icon/icon-link.png]
[layerdrops.com/agriox/assets/images/resources/sidebar-latest-posts-img1.jpg]
[layerdrops.com/agriox/assets/images/resources/sidebar-latest-posts-img2.jpg]
[layerdrops.com/agriox/assets/images/resources/sidebar-latest-posts-img3.jpg]
[layerdrops.com/agriox/news-sidebar.html]
[layerdrops.com/agriox/news-sidebar-left.html]
[layerdrops.com/agriox/assets/images/blog/comment-img1.jpg]
[layerdrops.com/agriox/assets/images/blog/comment-img2.jpg]
[layerdrops.com/agriox/news-details.html]
[layerdrops.com/agriox/contact.html]
[layerdrops.com/agriox/services-details.html]
[layerdrops.com/agriox/assets/vendors/fontawesome/webfonts/fa-brands-400.svg]
[layerdrops.com/agriox/assets/vendors/fontawesome/webfonts/fa-regular-400.svg]
[layerdrops.com/agriox/assets/vendors/fontawesome/webfonts/fa-solid-900.svg]
[layerdrops.com/agriox/assets/vendors/icomoon-icons/fonts/icomoone8fc.svg]
[layerdrops.com/agriox/assets/vendors/owl-carousel/owl.video.play.html]
[layerdrops.com/agriox/assets/images/update-20-12-2021/dark/service-bg-1-1.png]
[layerdrops.com/agriox/assets/images/update-20-12-2021/dark/blog-bg-1-1.png]
[layerdrops.com/agriox/assets/css/modes/agriox-dark.css]
[layerdrops.com/agriox/assets/vendors/jquery-ui/images/ui-icons_444444_256x240.png]
[layerdrops.com/agriox/assets/vendors/jquery-ui/images/ui-icons_555555_256x240.png]
[layerdrops.com/agriox/assets/vendors/jquery-ui/images/ui-icons_777620_256x240.png]
[layerdrops.com/agriox/assets/vendors/jquery-ui/images/ui-icons_cc0000_256x240.png]
[layerdrops.com/agriox/assets/vendors/jquery-ui/jquery-ui.css]
[layerdrops.com/agriox/login.html]
[layerdrops.com/agriox/news-v2.html]
[layerdrops.com/agriox/assets/vendors/jquery-ui/images/ui-icons_444444_256x240.html]
[layerdrops.com/agriox/assets/vendors/jquery-ui/images/ui-icons_555555_256x240.html]
[layerdrops.com/agriox/assets/vendors/jquery-ui/images/ui-icons_777620_256x240.html]
[layerdrops.com/agriox/assets/vendors/jquery-ui/images/ui-icons_cc0000_256x240.html]
